<?xml version="1.0" encoding="UTF-8"?>
<testng-results ignored="0" total="3" passed="3" failed="0" skipped="0">
  <reporter-output>
  </reporter-output>
  <suite started-at="2024-07-31T18:40:27 IST" name="Suite" finished-at="2024-07-31T18:43:48 IST" duration-ms="200962">
    <groups>
    </groups>
    <test started-at="2024-07-31T18:40:27 IST" name="Test" finished-at="2024-07-31T18:43:48 IST" duration-ms="200962">
      <class name="Com.SeleniumFramework.Tests.TestVWOLogin_POM">
        <test-method signature="testLoginNegativeVWO2()[pri:0, instance:Com.SeleniumFramework.Tests.TestVWOLogin_POM@ab7395e]" started-at="2024-07-31T18:40:27 IST" name="testLoginNegativeVWO2" finished-at="2024-07-31T18:43:39 IST" duration-ms="192646" status="PASS">
          <reporter-output>
          </reporter-output>
        </test-method> <!-- testLoginNegativeVWO2 -->
        <test-method signature="testLoginNegativeVWO()[pri:0, instance:Com.SeleniumFramework.Tests.TestVWOLogin_POM@ab7395e]" started-at="2024-07-31T18:40:27 IST" name="testLoginNegativeVWO" finished-at="2024-07-31T18:43:48 IST" duration-ms="200771" status="PASS">
          <reporter-output>
          </reporter-output>
        </test-method> <!-- testLoginNegativeVWO -->
      </class> <!-- Com.SeleniumFramework.Tests.TestVWOLogin_POM -->
      <class name="Com.SeleniumFramework.Tests.TestVWOLogin">
        <test-method signature="testLoginNegativeVWO()[pri:0, instance:Com.SeleniumFramework.Tests.TestVWOLogin@13330ac6]" started-at="2024-07-31T18:40:27 IST" name="testLoginNegativeVWO" finished-at="2024-07-31T18:43:41 IST" duration-ms="194641" status="PASS">
          <reporter-output>
          </reporter-output>
        </test-method> <!-- testLoginNegativeVWO -->
      </class> <!-- Com.SeleniumFramework.Tests.TestVWOLogin -->
    </test> <!-- Test -->
  </suite> <!-- Suite -->
</testng-results>
