<?xml version="1.0" encoding="UTF-8"?>
<!-- Generated by org.testng.reporters.JUnitXMLReporter -->
<testsuite ignored="0" hostname="LAPTOP-LQBLGUES" failures="0" tests="2" name="Default test" time="210.29" errors="0" timestamp="2024-07-29T09:44:28 IST">
  <testcase classname="Com.SeleniumFramework.Tests.TestVWOLogin_POM" name="testLoginNegativeVWO" time="144.262"/>
  <testcase classname="Com.SeleniumFramework.Tests.TestVWOLogin_POM" name="testLoginNegativeVWO2" time="63.354"/>
</testsuite> <!-- Default test -->
