<?xml version="1.0" encoding="UTF-8"?>
<!-- Generated by org.testng.reporters.JUnitXMLReporter -->
<testsuite ignored="0" hostname="LAPTOP-LQBLGUES" failures="0" tests="3" name="Test" time="200.962" errors="0" timestamp="2024-07-31T18:43:48 IST">
  <testcase classname="Com.SeleniumFramework.Tests.TestVWOLogin_POM" name="testLoginNegativeVWO2" time="192.646"/>
  <testcase classname="Com.SeleniumFramework.Tests.TestVWOLogin" name="testLoginNegativeVWO" time="194.641"/>
  <testcase classname="Com.SeleniumFramework.Tests.TestVWOLogin_POM" name="testLoginNegativeVWO" time="200.771"/>
</testsuite> <!-- Test -->
